[rospy.client][INFO] 2023-05-16 14:44:04,309: init_node, name[/augmented_pointcloud_pub_32432_1684262644297], pid[32432]
[xmlrpc][INFO] 2023-05-16 14:44:04,309: XML-RPC server binding to 0.0.0.0:0
[xmlrpc][INFO] 2023-05-16 14:44:04,309: Started XML-RPC server [http://itsu10:38115/]
[rospy.impl.masterslave][INFO] 2023-05-16 14:44:04,309: _ready: http://itsu10:38115/
[rospy.init][INFO] 2023-05-16 14:44:04,309: ROS Slave URI: [http://itsu10:38115/]
[rospy.registration][INFO] 2023-05-16 14:44:04,310: Registering with master node http://localhost:11311
[xmlrpc][INFO] 2023-05-16 14:44:04,310: xml rpc node: starting XML-RPC server
[rospy.init][INFO] 2023-05-16 14:44:04,409: registered with master
[rospy.rosout][INFO] 2023-05-16 14:44:04,410: initializing /rosout core topic
[rospy.rosout][INFO] 2023-05-16 14:44:04,411: connected to core topic /rosout
[rospy.simtime][INFO] 2023-05-16 14:44:04,412: /use_sim_time is not set, will not subscribe to simulated time [/clock] topic
[rospy.internal][INFO] 2023-05-16 14:44:04,417: topic[/points_raw] adding connection to [http://itsu10:39623/], count 0
[rospy.internal][INFO] 2023-05-16 14:44:04,418: topic[/target_pose] adding connection to [http://itsu10:43525/], count 0
[rosout][INFO] 2023-05-16 14:44:04,520: closest_point 0.0017189979553222656
[rosout][INFO] 2023-05-16 14:44:04,522: point_cloud_transform_o3d 0.0017421245574951172
[rosout][INFO] 2023-05-16 14:44:04,527: frustrum_generation 0.00029087066650390625
[rosout][INFO] 2023-05-16 14:44:04,558: remove_points_inside_frustum 0.029927730560302734
[rosout][INFO] 2023-05-16 14:44:04,632: point_cloud_publish 0.11095523834228516
[rosout][INFO] 2023-05-16 14:44:04,633: update_callback 0.11492300033569336
[rosout][INFO] 2023-05-16 14:44:04,635: closest_point 0.0014851093292236328
[rosout][INFO] 2023-05-16 14:44:04,637: point_cloud_transform_o3d 0.001546621322631836
[rosout][INFO] 2023-05-16 14:44:04,640: frustrum_generation 0.0003154277801513672
[rosout][INFO] 2023-05-16 14:44:04,650: remove_points_inside_frustum 0.007974863052368164
[rospy.internal][INFO] 2023-05-16 14:44:04,704: topic[/rosout] adding connection to [/rosout], count 0
[rosout][INFO] 2023-05-16 14:44:04,721: point_cloud_publish 0.0854647159576416
[rosout][INFO] 2023-05-16 14:44:04,722: update_callback 0.0887751579284668
[rosout][INFO] 2023-05-16 14:44:04,725: closest_point 0.0015759468078613281
[rosout][INFO] 2023-05-16 14:44:04,727: point_cloud_transform_o3d 0.00151824951171875
[rosout][INFO] 2023-05-16 14:44:04,729: frustrum_generation 0.0002963542938232422
[rosout][INFO] 2023-05-16 14:44:04,733: remove_points_inside_frustum 0.002810239791870117
[rosout][INFO] 2023-05-16 14:44:04,805: point_cloud_publish 0.07961010932922363
[rosout][INFO] 2023-05-16 14:44:04,806: update_callback 0.08336353302001953
[rosout][INFO] 2023-05-16 14:44:04,819: closest_point 0.001276254653930664
[rosout][INFO] 2023-05-16 14:44:04,821: point_cloud_transform_o3d 0.0015943050384521484
[rosout][INFO] 2023-05-16 14:44:04,825: frustrum_generation 0.0002663135528564453
[rosout][INFO] 2023-05-16 14:44:04,830: remove_points_inside_frustum 0.0033788681030273438
[rosout][INFO] 2023-05-16 14:44:04,906: point_cloud_publish 0.08618903160095215
[rosout][INFO] 2023-05-16 14:44:04,907: update_callback 0.08902311325073242
[rosout][INFO] 2023-05-16 14:44:04,919: closest_point 0.001470327377319336
[rosout][INFO] 2023-05-16 14:44:04,922: point_cloud_transform_o3d 0.0015406608581542969
[rosout][INFO] 2023-05-16 14:44:04,924: frustrum_generation 0.0002300739288330078
[rosout][INFO] 2023-05-16 14:44:04,928: remove_points_inside_frustum 0.0032558441162109375
[rosout][INFO] 2023-05-16 14:44:04,998: point_cloud_publish 0.07787585258483887
[rosout][INFO] 2023-05-16 14:44:04,999: update_callback 0.0812981128692627
[rosout][INFO] 2023-05-16 14:44:05,019: closest_point 0.0012509822845458984
[rosout][INFO] 2023-05-16 14:44:05,021: point_cloud_transform_o3d 0.001565694808959961
[rosout][INFO] 2023-05-16 14:44:05,024: frustrum_generation 0.0002505779266357422
[rosout][INFO] 2023-05-16 14:44:05,028: remove_points_inside_frustum 0.003184795379638672
[rosout][INFO] 2023-05-16 14:44:05,098: point_cloud_publish 0.07858920097351074
[rosout][INFO] 2023-05-16 14:44:05,100: update_callback 0.08231592178344727
[rosout][INFO] 2023-05-16 14:44:05,119: closest_point 0.001508474349975586
[rosout][INFO] 2023-05-16 14:44:05,122: point_cloud_transform_o3d 0.0015716552734375
[rosout][INFO] 2023-05-16 14:44:05,126: frustrum_generation 0.0002627372741699219
[rosout][INFO] 2023-05-16 14:44:05,130: remove_points_inside_frustum 0.0037512779235839844
[rosout][INFO] 2023-05-16 14:44:05,202: point_cloud_publish 0.08153271675109863
[rosout][INFO] 2023-05-16 14:44:05,203: update_callback 0.0850226879119873
[rosout][INFO] 2023-05-16 14:44:05,219: closest_point 0.0012636184692382812
[rosout][INFO] 2023-05-16 14:44:05,222: point_cloud_transform_o3d 0.002032756805419922
[rosout][INFO] 2023-05-16 14:44:05,224: frustrum_generation 0.0004048347473144531
[rosout][INFO] 2023-05-16 14:44:05,228: remove_points_inside_frustum 0.002981901168823242
[rosout][INFO] 2023-05-16 14:44:05,300: point_cloud_publish 0.08047652244567871
[rosout][INFO] 2023-05-16 14:44:05,308: update_callback 0.09066605567932129
[rosout][INFO] 2023-05-16 14:44:05,319: closest_point 0.00150299072265625
[rosout][INFO] 2023-05-16 14:44:05,322: point_cloud_transform_o3d 0.0017209053039550781
[rosout][INFO] 2023-05-16 14:44:05,324: frustrum_generation 0.0002434253692626953
[rosout][INFO] 2023-05-16 14:44:05,327: remove_points_inside_frustum 0.002651214599609375
[rosout][INFO] 2023-05-16 14:44:05,400: point_cloud_publish 0.07971882820129395
[rosout][INFO] 2023-05-16 14:44:05,401: update_callback 0.08362650871276855
[rosout][INFO] 2023-05-16 14:44:05,419: closest_point 0.0012524127960205078
[rosout][INFO] 2023-05-16 14:44:05,421: point_cloud_transform_o3d 0.0013675689697265625
[rosout][INFO] 2023-05-16 14:44:05,425: frustrum_generation 0.000240325927734375
[rosout][INFO] 2023-05-16 14:44:05,429: remove_points_inside_frustum 0.003284931182861328
[rosout][INFO] 2023-05-16 14:44:05,500: point_cloud_publish 0.08021116256713867
[rosout][INFO] 2023-05-16 14:44:05,501: update_callback 0.08327603340148926
[rosout][INFO] 2023-05-16 14:44:05,519: closest_point 0.0014774799346923828
[rosout][INFO] 2023-05-16 14:44:05,521: point_cloud_transform_o3d 0.0014619827270507812
[rosout][INFO] 2023-05-16 14:44:05,524: frustrum_generation 0.0002646446228027344
[rosout][INFO] 2023-05-16 14:44:05,529: remove_points_inside_frustum 0.003871917724609375
[rosout][INFO] 2023-05-16 14:44:05,600: point_cloud_publish 0.08013153076171875
[rosout][INFO] 2023-05-16 14:44:05,601: update_callback 0.08352255821228027
[rosout][INFO] 2023-05-16 14:44:05,619: closest_point 0.0014836788177490234
[rosout][INFO] 2023-05-16 14:44:05,621: point_cloud_transform_o3d 0.0013778209686279297
[rosout][INFO] 2023-05-16 14:44:05,624: frustrum_generation 0.0002460479736328125
[rosout][INFO] 2023-05-16 14:44:05,628: remove_points_inside_frustum 0.002962350845336914
[rosout][INFO] 2023-05-16 14:44:05,699: point_cloud_publish 0.07885932922363281
[rosout][INFO] 2023-05-16 14:44:05,700: update_callback 0.0828092098236084
[rosout][INFO] 2023-05-16 14:44:05,719: closest_point 0.0013413429260253906
[rosout][INFO] 2023-05-16 14:44:05,721: point_cloud_transform_o3d 0.0015628337860107422
[rosout][INFO] 2023-05-16 14:44:05,726: frustrum_generation 0.00027871131896972656
[rosout][INFO] 2023-05-16 14:44:05,730: remove_points_inside_frustum 0.003373384475708008
[rosout][INFO] 2023-05-16 14:44:05,803: point_cloud_publish 0.08285880088806152
[rosout][INFO] 2023-05-16 14:44:05,804: update_callback 0.08601689338684082
[rosout][INFO] 2023-05-16 14:44:05,819: closest_point 0.001257181167602539
[rosout][INFO] 2023-05-16 14:44:05,821: point_cloud_transform_o3d 0.0013556480407714844
[rosout][INFO] 2023-05-16 14:44:05,823: frustrum_generation 0.00024271011352539062
[rosout][INFO] 2023-05-16 14:44:05,827: remove_points_inside_frustum 0.002898693084716797
[rosout][INFO] 2023-05-16 14:44:05,897: point_cloud_publish 0.07678341865539551
[rosout][INFO] 2023-05-16 14:44:05,898: update_callback 0.08046817779541016
[rosout][INFO] 2023-05-16 14:44:05,919: closest_point 0.0012547969818115234
[rosout][INFO] 2023-05-16 14:44:05,921: point_cloud_transform_o3d 0.0013568401336669922
[rosout][INFO] 2023-05-16 14:44:05,925: frustrum_generation 0.0002510547637939453
[rosout][INFO] 2023-05-16 14:44:05,929: remove_points_inside_frustum 0.0035157203674316406
[rosout][INFO] 2023-05-16 14:44:06,003: point_cloud_publish 0.08359837532043457
[rosout][INFO] 2023-05-16 14:44:06,005: update_callback 0.08697271347045898
[rosout][INFO] 2023-05-16 14:44:06,019: closest_point 0.0012631416320800781
[rosout][INFO] 2023-05-16 14:44:06,021: point_cloud_transform_o3d 0.0013666152954101562
[rosout][INFO] 2023-05-16 14:44:06,023: frustrum_generation 0.0002551078796386719
[rosout][INFO] 2023-05-16 14:44:06,027: remove_points_inside_frustum 0.0032198429107666016
[rosout][INFO] 2023-05-16 14:44:06,099: point_cloud_publish 0.07949209213256836
[rosout][INFO] 2023-05-16 14:44:06,100: update_callback 0.0825343132019043
[rosout][INFO] 2023-05-16 14:44:06,119: closest_point 0.0014939308166503906
[rosout][INFO] 2023-05-16 14:44:06,121: point_cloud_transform_o3d 0.0014801025390625
[rosout][INFO] 2023-05-16 14:44:06,125: frustrum_generation 0.0004897117614746094
[rosout][INFO] 2023-05-16 14:44:06,130: remove_points_inside_frustum 0.0033605098724365234
[rosout][INFO] 2023-05-16 14:44:06,201: point_cloud_publish 0.0815269947052002
[rosout][INFO] 2023-05-16 14:44:06,203: update_callback 0.08558225631713867
[rosout][INFO] 2023-05-16 14:44:06,219: closest_point 0.0012857913970947266
[rosout][INFO] 2023-05-16 14:44:06,221: point_cloud_transform_o3d 0.0013613700866699219
[rosout][INFO] 2023-05-16 14:44:06,225: frustrum_generation 0.00023603439331054688
[rosout][INFO] 2023-05-16 14:44:06,230: remove_points_inside_frustum 0.0038073062896728516
[rosout][INFO] 2023-05-16 14:44:06,304: point_cloud_publish 0.08453989028930664
[rosout][INFO] 2023-05-16 14:44:06,305: update_callback 0.0877692699432373
[rosout][INFO] 2023-05-16 14:44:06,319: closest_point 0.0012769699096679688
[rosout][INFO] 2023-05-16 14:44:06,321: point_cloud_transform_o3d 0.0013630390167236328
[rosout][INFO] 2023-05-16 14:44:06,323: frustrum_generation 0.00023555755615234375
[rosout][INFO] 2023-05-16 14:44:06,328: remove_points_inside_frustum 0.003755331039428711
[rosout][INFO] 2023-05-16 14:44:06,400: point_cloud_publish 0.07985401153564453
[rosout][INFO] 2023-05-16 14:44:06,401: update_callback 0.08289241790771484
[rosout][INFO] 2023-05-16 14:44:06,419: closest_point 0.0012564659118652344
[rosout][INFO] 2023-05-16 14:44:06,421: point_cloud_transform_o3d 0.0012345314025878906
[rosout][INFO] 2023-05-16 14:44:06,423: frustrum_generation 0.00024509429931640625
[rosout][INFO] 2023-05-16 14:44:06,427: remove_points_inside_frustum 0.0032651424407958984
[rosout][INFO] 2023-05-16 14:44:06,498: point_cloud_publish 0.0788266658782959
[rosout][INFO] 2023-05-16 14:44:06,500: update_callback 0.08231091499328613
[rosout][INFO] 2023-05-16 14:44:06,519: closest_point 0.0013370513916015625
[rosout][INFO] 2023-05-16 14:44:06,521: point_cloud_transform_o3d 0.0013637542724609375
[rosout][INFO] 2023-05-16 14:44:06,526: frustrum_generation 0.0003230571746826172
[rosout][INFO] 2023-05-16 14:44:06,532: remove_points_inside_frustum 0.004853248596191406
[rosout][INFO] 2023-05-16 14:44:06,604: point_cloud_publish 0.08457016944885254
[rosout][INFO] 2023-05-16 14:44:06,606: update_callback 0.08795285224914551
[rosout][INFO] 2023-05-16 14:44:06,619: closest_point 0.0016751289367675781
[rosout][INFO] 2023-05-16 14:44:06,622: point_cloud_transform_o3d 0.0015180110931396484
[rosout][INFO] 2023-05-16 14:44:06,624: frustrum_generation 0.00023746490478515625
[rosout][INFO] 2023-05-16 14:44:06,629: remove_points_inside_frustum 0.0034286975860595703
[rosout][INFO] 2023-05-16 14:44:06,700: point_cloud_publish 0.07956933975219727
[rosout][INFO] 2023-05-16 14:44:06,701: update_callback 0.08315539360046387
[rosout][INFO] 2023-05-16 14:44:06,719: closest_point 0.0012657642364501953
[rosout][INFO] 2023-05-16 14:44:06,721: point_cloud_transform_o3d 0.001287221908569336
[rosout][INFO] 2023-05-16 14:44:06,723: frustrum_generation 0.0002601146697998047
[rosout][INFO] 2023-05-16 14:44:06,727: remove_points_inside_frustum 0.0025484561920166016
[rosout][INFO] 2023-05-16 14:44:06,798: point_cloud_publish 0.0783395767211914
[rosout][INFO] 2023-05-16 14:44:06,800: update_callback 0.08216500282287598
[rosout][INFO] 2023-05-16 14:44:06,819: closest_point 0.0012691020965576172
[rosout][INFO] 2023-05-16 14:44:06,821: point_cloud_transform_o3d 0.0012938976287841797
[rosout][INFO] 2023-05-16 14:44:06,825: frustrum_generation 0.0002560615539550781
[rosout][INFO] 2023-05-16 14:44:06,829: remove_points_inside_frustum 0.003477811813354492
[rosout][INFO] 2023-05-16 14:44:06,902: point_cloud_publish 0.08194303512573242
[rosout][INFO] 2023-05-16 14:44:06,903: update_callback 0.08503866195678711
[rosout][INFO] 2023-05-16 14:44:06,919: closest_point 0.001463174819946289
[rosout][INFO] 2023-05-16 14:44:06,921: point_cloud_transform_o3d 0.0014128684997558594
[rosout][INFO] 2023-05-16 14:44:06,924: frustrum_generation 0.00023674964904785156
[rosout][INFO] 2023-05-16 14:44:06,929: remove_points_inside_frustum 0.004514217376708984
[rosout][INFO] 2023-05-16 14:44:07,003: point_cloud_publish 0.08251571655273438
[rosout][INFO] 2023-05-16 14:44:07,003: update_callback 0.08580708503723145
[rosout][INFO] 2023-05-16 14:44:07,019: closest_point 0.0013785362243652344
[rosout][INFO] 2023-05-16 14:44:07,021: point_cloud_transform_o3d 0.001329183578491211
[rosout][INFO] 2023-05-16 14:44:07,024: frustrum_generation 0.00035262107849121094
[rosout][INFO] 2023-05-16 14:44:07,028: remove_points_inside_frustum 0.002598285675048828
[rosout][INFO] 2023-05-16 14:44:07,098: point_cloud_publish 0.07784605026245117
[rosout][INFO] 2023-05-16 14:44:07,099: update_callback 0.08173274993896484
[rosout][INFO] 2023-05-16 14:44:07,119: closest_point 0.0012731552124023438
[rosout][INFO] 2023-05-16 14:44:07,121: point_cloud_transform_o3d 0.001329183578491211
[rosout][INFO] 2023-05-16 14:44:07,125: frustrum_generation 0.00023746490478515625
[rosout][INFO] 2023-05-16 14:44:07,130: remove_points_inside_frustum 0.0037801265716552734
[rosout][INFO] 2023-05-16 14:44:07,200: point_cloud_publish 0.0801396369934082
[rosout][INFO] 2023-05-16 14:44:07,201: update_callback 0.08323287963867188
[rosout][INFO] 2023-05-16 14:44:07,219: closest_point 0.0012848377227783203
[rosout][INFO] 2023-05-16 14:44:07,221: point_cloud_transform_o3d 0.0013086795806884766
[rosout][INFO] 2023-05-16 14:44:07,224: frustrum_generation 0.0002372264862060547
[rosout][INFO] 2023-05-16 14:44:07,228: remove_points_inside_frustum 0.004138946533203125
[rosout][INFO] 2023-05-16 14:44:07,304: point_cloud_publish 0.08440661430358887
[rosout][INFO] 2023-05-16 14:44:07,305: update_callback 0.08761835098266602
[rosout][INFO] 2023-05-16 14:44:07,319: closest_point 0.0012691020965576172
[rosout][INFO] 2023-05-16 14:44:07,321: point_cloud_transform_o3d 0.001279592514038086
[rosout][INFO] 2023-05-16 14:44:07,323: frustrum_generation 0.00024199485778808594
[rosout][INFO] 2023-05-16 14:44:07,328: remove_points_inside_frustum 0.0034151077270507812
[rosout][INFO] 2023-05-16 14:44:07,402: point_cloud_publish 0.08245706558227539
[rosout][INFO] 2023-05-16 14:44:07,403: update_callback 0.08551621437072754
[rosout][INFO] 2023-05-16 14:44:07,419: closest_point 0.0014986991882324219
[rosout][INFO] 2023-05-16 14:44:07,422: point_cloud_transform_o3d 0.0015056133270263672
[rosout][INFO] 2023-05-16 14:44:07,425: frustrum_generation 0.0004782676696777344
[rosout][INFO] 2023-05-16 14:44:07,430: remove_points_inside_frustum 0.0033464431762695312
[rosout][INFO] 2023-05-16 14:44:07,502: point_cloud_publish 0.08243989944458008
[rosout][INFO] 2023-05-16 14:44:07,504: update_callback 0.08638763427734375
[rosout][INFO] 2023-05-16 14:44:07,519: closest_point 0.0013425350189208984
[rosout][INFO] 2023-05-16 14:44:07,521: point_cloud_transform_o3d 0.001312255859375
[rosout][INFO] 2023-05-16 14:44:07,526: frustrum_generation 0.00023746490478515625
[rosout][INFO] 2023-05-16 14:44:07,530: remove_points_inside_frustum 0.003354787826538086
[rosout][INFO] 2023-05-16 14:44:07,603: point_cloud_publish 0.08344054222106934
[rosout][INFO] 2023-05-16 14:44:07,604: update_callback 0.08691859245300293
[rosout][INFO] 2023-05-16 14:44:07,619: closest_point 0.001683950424194336
[rosout][INFO] 2023-05-16 14:44:07,622: point_cloud_transform_o3d 0.0019180774688720703
[rosout][INFO] 2023-05-16 14:44:07,626: frustrum_generation 0.00025463104248046875
[rosout][INFO] 2023-05-16 14:44:07,630: remove_points_inside_frustum 0.0038836002349853516
[rosout][INFO] 2023-05-16 14:44:07,704: point_cloud_publish 0.08352398872375488
[rosout][INFO] 2023-05-16 14:44:07,706: update_callback 0.08805155754089355
[rosout][INFO] 2023-05-16 14:44:07,719: closest_point 0.0012631416320800781
[rosout][INFO] 2023-05-16 14:44:07,721: point_cloud_transform_o3d 0.0012888908386230469
[rosout][INFO] 2023-05-16 14:44:07,725: frustrum_generation 0.00022649765014648438
[rosout][INFO] 2023-05-16 14:44:07,730: remove_points_inside_frustum 0.003977060317993164
[rosout][INFO] 2023-05-16 14:44:07,804: point_cloud_publish 0.08419108390808105
[rosout][INFO] 2023-05-16 14:44:07,805: update_callback 0.0872349739074707
[rosout][INFO] 2023-05-16 14:44:07,819: closest_point 0.0012516975402832031
[rosout][INFO] 2023-05-16 14:44:07,821: point_cloud_transform_o3d 0.0012753009796142578
[rosout][INFO] 2023-05-16 14:44:07,823: frustrum_generation 0.0002548694610595703
[rosout][INFO] 2023-05-16 14:44:07,828: remove_points_inside_frustum 0.0032455921173095703
[rosout][INFO] 2023-05-16 14:44:07,899: point_cloud_publish 0.07969188690185547
[rosout][INFO] 2023-05-16 14:44:07,901: update_callback 0.08289313316345215
[rosout][INFO] 2023-05-16 14:44:07,919: closest_point 0.0014851093292236328
[rosout][INFO] 2023-05-16 14:44:07,922: point_cloud_transform_o3d 0.0014491081237792969
[rosout][INFO] 2023-05-16 14:44:07,925: frustrum_generation 0.0004260540008544922
[rosout][INFO] 2023-05-16 14:44:07,929: remove_points_inside_frustum 0.002537965774536133
[rosout][INFO] 2023-05-16 14:44:08,001: point_cloud_publish 0.08085989952087402
[rosout][INFO] 2023-05-16 14:44:08,003: update_callback 0.08474493026733398
[rosout][INFO] 2023-05-16 14:44:08,019: closest_point 0.0012624263763427734
[rosout][INFO] 2023-05-16 14:44:08,021: point_cloud_transform_o3d 0.0013012886047363281
[rosout][INFO] 2023-05-16 14:44:08,025: frustrum_generation 0.00024247169494628906
[rosout][INFO] 2023-05-16 14:44:08,029: remove_points_inside_frustum 0.0033845901489257812
[rosout][INFO] 2023-05-16 14:44:08,103: point_cloud_publish 0.0827326774597168
[rosout][INFO] 2023-05-16 14:44:08,103: update_callback 0.08588600158691406
[rosout][INFO] 2023-05-16 14:44:08,119: closest_point 0.0014882087707519531
[rosout][INFO] 2023-05-16 14:44:08,121: point_cloud_transform_o3d 0.0013082027435302734
[rosout][INFO] 2023-05-16 14:44:08,124: frustrum_generation 0.00025653839111328125
[rosout][INFO] 2023-05-16 14:44:08,128: remove_points_inside_frustum 0.0037164688110351562
[rosout][INFO] 2023-05-16 14:44:08,203: point_cloud_publish 0.08315205574035645
[rosout][INFO] 2023-05-16 14:44:08,204: update_callback 0.08659720420837402
[rosout][INFO] 2023-05-16 14:44:08,219: closest_point 0.001262664794921875
[rosout][INFO] 2023-05-16 14:44:08,221: point_cloud_transform_o3d 0.0013501644134521484
[rosout][INFO] 2023-05-16 14:44:08,223: frustrum_generation 0.0002567768096923828
[rosout][INFO] 2023-05-16 14:44:08,228: remove_points_inside_frustum 0.0039632320404052734
[rosout][INFO] 2023-05-16 14:44:08,301: point_cloud_publish 0.08139276504516602
[rosout][INFO] 2023-05-16 14:44:08,303: update_callback 0.0850071907043457
[rosout][INFO] 2023-05-16 14:44:08,319: closest_point 0.0015094280242919922
[rosout][INFO] 2023-05-16 14:44:08,322: point_cloud_transform_o3d 0.0017476081848144531
[rosout][INFO] 2023-05-16 14:44:08,328: frustrum_generation 0.00046515464782714844
[rosout][INFO] 2023-05-16 14:44:08,332: remove_points_inside_frustum 0.0034494400024414062
[rosout][INFO] 2023-05-16 14:44:08,407: point_cloud_publish 0.0866854190826416
[rosout][INFO] 2023-05-16 14:44:08,408: update_callback 0.09034419059753418
[rosout][INFO] 2023-05-16 14:44:08,419: closest_point 0.0012807846069335938
[rosout][INFO] 2023-05-16 14:44:08,421: point_cloud_transform_o3d 0.001321554183959961
[rosout][INFO] 2023-05-16 14:44:08,424: frustrum_generation 0.0003311634063720703
[rosout][INFO] 2023-05-16 14:44:08,428: remove_points_inside_frustum 0.0030536651611328125
[rosout][INFO] 2023-05-16 14:44:08,498: point_cloud_publish 0.07848238945007324
[rosout][INFO] 2023-05-16 14:44:08,500: update_callback 0.08237934112548828
[rosout][INFO] 2023-05-16 14:44:08,519: closest_point 0.0012814998626708984
[rosout][INFO] 2023-05-16 14:44:08,521: point_cloud_transform_o3d 0.0012917518615722656
[rosout][INFO] 2023-05-16 14:44:08,525: frustrum_generation 0.00024890899658203125
[rosout][INFO] 2023-05-16 14:44:08,530: remove_points_inside_frustum 0.0035653114318847656
[rosout][INFO] 2023-05-16 14:44:08,603: point_cloud_publish 0.08326601982116699
[rosout][INFO] 2023-05-16 14:44:08,604: update_callback 0.08651614189147949
[rosout][INFO] 2023-05-16 14:44:08,619: closest_point 0.0015039443969726562
[rosout][INFO] 2023-05-16 14:44:08,621: point_cloud_transform_o3d 0.0013003349304199219
[rosout][INFO] 2023-05-16 14:44:08,624: frustrum_generation 0.00024437904357910156
[rosout][INFO] 2023-05-16 14:44:08,629: remove_points_inside_frustum 0.00394129753112793
[rosout][INFO] 2023-05-16 14:44:08,703: point_cloud_publish 0.08260512351989746
[rosout][INFO] 2023-05-16 14:44:08,704: update_callback 0.08589363098144531
[rosout][INFO] 2023-05-16 14:44:08,719: closest_point 0.0015265941619873047
[rosout][INFO] 2023-05-16 14:44:08,721: point_cloud_transform_o3d 0.001298666000366211
[rosout][INFO] 2023-05-16 14:44:08,724: frustrum_generation 0.0002570152282714844
[rosout][INFO] 2023-05-16 14:44:08,728: remove_points_inside_frustum 0.0030133724212646484
[rosout][INFO] 2023-05-16 14:44:08,800: point_cloud_publish 0.08017897605895996
[rosout][INFO] 2023-05-16 14:44:08,801: update_callback 0.08371424674987793
[rosout][INFO] 2023-05-16 14:44:08,819: closest_point 0.0014603137969970703
[rosout][INFO] 2023-05-16 14:44:08,821: point_cloud_transform_o3d 0.0012917518615722656
[rosout][INFO] 2023-05-16 14:44:08,824: frustrum_generation 0.00024437904357910156
[rosout][INFO] 2023-05-16 14:44:08,827: remove_points_inside_frustum 0.0026030540466308594
[rosout][INFO] 2023-05-16 14:44:08,897: point_cloud_publish 0.07744669914245605
[rosout][INFO] 2023-05-16 14:44:08,898: update_callback 0.08078455924987793
[rosout][INFO] 2023-05-16 14:44:08,919: closest_point 0.0012562274932861328
[rosout][INFO] 2023-05-16 14:44:08,921: point_cloud_transform_o3d 0.0012784004211425781
[rosout][INFO] 2023-05-16 14:44:08,923: frustrum_generation 0.0002453327178955078
[rosout][INFO] 2023-05-16 14:44:08,927: remove_points_inside_frustum 0.002620697021484375
[rosout][INFO] 2023-05-16 14:44:08,998: point_cloud_publish 0.07780838012695312
[rosout][INFO] 2023-05-16 14:44:08,999: update_callback 0.08165717124938965
[rosout][INFO] 2023-05-16 14:44:09,019: closest_point 0.0014805793762207031
[rosout][INFO] 2023-05-16 14:44:09,021: point_cloud_transform_o3d 0.0013408660888671875
[rosout][INFO] 2023-05-16 14:44:09,025: frustrum_generation 0.00023937225341796875
[rosout][INFO] 2023-05-16 14:44:09,030: remove_points_inside_frustum 0.00424504280090332
[rosout][INFO] 2023-05-16 14:44:09,112: point_cloud_publish 0.09178638458251953
[rosout][INFO] 2023-05-16 14:44:09,113: update_callback 0.0950467586517334
[rosout][INFO] 2023-05-16 14:44:09,119: closest_point 0.0013899803161621094
[rosout][INFO] 2023-05-16 14:44:09,121: point_cloud_transform_o3d 0.0011539459228515625
[rosout][INFO] 2023-05-16 14:44:09,124: frustrum_generation 0.00027680397033691406
[rosout][INFO] 2023-05-16 14:44:09,128: remove_points_inside_frustum 0.003729581832885742
[rosout][INFO] 2023-05-16 14:44:09,201: point_cloud_publish 0.08133196830749512
[rosout][INFO] 2023-05-16 14:44:09,203: update_callback 0.08496761322021484
[rosout][INFO] 2023-05-16 14:44:09,219: closest_point 0.0013015270233154297
[rosout][INFO] 2023-05-16 14:44:09,221: point_cloud_transform_o3d 0.001310586929321289
[rosout][INFO] 2023-05-16 14:44:09,225: frustrum_generation 0.0002644062042236328
[rosout][INFO] 2023-05-16 14:44:09,230: remove_points_inside_frustum 0.0033686161041259766
[rosout][INFO] 2023-05-16 14:44:09,303: point_cloud_publish 0.08322262763977051
[rosout][INFO] 2023-05-16 14:44:09,304: update_callback 0.0864400863647461
[rosout][INFO] 2023-05-16 14:44:09,319: closest_point 0.0012581348419189453
[rosout][INFO] 2023-05-16 14:44:09,321: point_cloud_transform_o3d 0.0011677742004394531
[rosout][INFO] 2023-05-16 14:44:09,323: frustrum_generation 0.000244140625
[rosout][INFO] 2023-05-16 14:44:09,327: remove_points_inside_frustum 0.002946615219116211
[rosout][INFO] 2023-05-16 14:44:09,400: point_cloud_publish 0.08007049560546875
[rosout][INFO] 2023-05-16 14:44:09,401: update_callback 0.08384513854980469
[rosout][INFO] 2023-05-16 14:44:09,419: closest_point 0.0013282299041748047
[rosout][INFO] 2023-05-16 14:44:09,421: point_cloud_transform_o3d 0.0011181831359863281
[rosout][INFO] 2023-05-16 14:44:09,425: frustrum_generation 0.00035858154296875
[rosout][INFO] 2023-05-16 14:44:09,431: remove_points_inside_frustum 0.00433349609375
[rosout][INFO] 2023-05-16 14:44:09,504: point_cloud_publish 0.08452057838439941
[rosout][INFO] 2023-05-16 14:44:09,506: update_callback 0.0879831314086914
[rosout][INFO] 2023-05-16 14:44:09,519: closest_point 0.0016736984252929688
[rosout][INFO] 2023-05-16 14:44:09,522: point_cloud_transform_o3d 0.0017161369323730469
[rosout][INFO] 2023-05-16 14:44:09,525: frustrum_generation 0.00038552284240722656
[rosout][INFO] 2023-05-16 14:44:09,530: remove_points_inside_frustum 0.0034666061401367188
[rosout][INFO] 2023-05-16 14:44:09,602: point_cloud_publish 0.08197593688964844
[rosout][INFO] 2023-05-16 14:44:09,603: update_callback 0.08549904823303223
[rosout][INFO] 2023-05-16 14:44:09,619: closest_point 0.0014786720275878906
[rosout][INFO] 2023-05-16 14:44:09,621: point_cloud_transform_o3d 0.0011212825775146484
[rosout][INFO] 2023-05-16 14:44:09,625: frustrum_generation 0.0004754066467285156
[rosout][INFO] 2023-05-16 14:44:09,628: remove_points_inside_frustum 0.002621889114379883
[rosout][INFO] 2023-05-16 14:44:09,699: point_cloud_publish 0.07873821258544922
[rosout][INFO] 2023-05-16 14:44:09,701: update_callback 0.0828542709350586
[rosout][INFO] 2023-05-16 14:44:09,719: closest_point 0.0014963150024414062
[rosout][INFO] 2023-05-16 14:44:09,721: point_cloud_transform_o3d 0.0012373924255371094
[rosout][INFO] 2023-05-16 14:44:09,725: frustrum_generation 0.00023698806762695312
[rosout][INFO] 2023-05-16 14:44:09,730: remove_points_inside_frustum 0.003999948501586914
[rosout][INFO] 2023-05-16 14:44:09,803: point_cloud_publish 0.08300328254699707
[rosout][INFO] 2023-05-16 14:44:09,804: update_callback 0.08628559112548828
[rosout][INFO] 2023-05-16 14:44:09,819: closest_point 0.0015938282012939453
[rosout][INFO] 2023-05-16 14:44:09,821: point_cloud_transform_o3d 0.0009014606475830078
[rosout][INFO] 2023-05-16 14:44:09,824: frustrum_generation 0.0002589225769042969
[rosout][INFO] 2023-05-16 14:44:09,828: remove_points_inside_frustum 0.003924369812011719
[rosout][INFO] 2023-05-16 14:44:09,899: point_cloud_publish 0.07879757881164551
[rosout][INFO] 2023-05-16 14:44:09,900: update_callback 0.08271908760070801
[rosout][INFO] 2023-05-16 14:44:09,919: closest_point 0.001497030258178711
[rosout][INFO] 2023-05-16 14:44:09,921: point_cloud_transform_o3d 0.000873565673828125
[rosout][INFO] 2023-05-16 14:44:09,925: frustrum_generation 0.0002605915069580078
[rosout][INFO] 2023-05-16 14:44:09,930: remove_points_inside_frustum 0.0041751861572265625
[rosout][INFO] 2023-05-16 14:44:10,004: point_cloud_publish 0.08359932899475098
[rosout][INFO] 2023-05-16 14:44:10,005: update_callback 0.08693146705627441
[rosout][INFO] 2023-05-16 14:44:10,019: closest_point 0.0013842582702636719
[rosout][INFO] 2023-05-16 14:44:10,021: point_cloud_transform_o3d 0.00087738037109375
[rosout][INFO] 2023-05-16 14:44:10,023: frustrum_generation 0.00026726722717285156
[rosout][INFO] 2023-05-16 14:44:10,027: remove_points_inside_frustum 0.0031020641326904297
[rosout][INFO] 2023-05-16 14:44:10,099: point_cloud_publish 0.0793769359588623
[rosout][INFO] 2023-05-16 14:44:10,101: update_callback 0.08312439918518066
[rosout][INFO] 2023-05-16 14:44:10,119: closest_point 0.0012543201446533203
[rosout][INFO] 2023-05-16 14:44:10,121: point_cloud_transform_o3d 0.0008718967437744141
[rosout][INFO] 2023-05-16 14:44:10,125: frustrum_generation 0.0002181529998779297
[rosout][INFO] 2023-05-16 14:44:10,129: remove_points_inside_frustum 0.0038275718688964844
[rosout][INFO] 2023-05-16 14:44:10,201: point_cloud_publish 0.08129239082336426
[rosout][INFO] 2023-05-16 14:44:10,202: update_callback 0.08463215827941895
[rosout][INFO] 2023-05-16 14:44:10,219: closest_point 0.001262664794921875
[rosout][INFO] 2023-05-16 14:44:10,220: point_cloud_transform_o3d 0.0008840560913085938
[rosout][INFO] 2023-05-16 14:44:10,223: frustrum_generation 0.00022745132446289062
[rosout][INFO] 2023-05-16 14:44:10,227: remove_points_inside_frustum 0.0035071372985839844
[rosout][INFO] 2023-05-16 14:44:10,297: point_cloud_publish 0.07784295082092285
[rosout][INFO] 2023-05-16 14:44:10,300: update_callback 0.08202624320983887
[rosout][INFO] 2023-05-16 14:44:10,319: closest_point 0.0016562938690185547
[rosout][INFO] 2023-05-16 14:44:10,328: point_cloud_transform_o3d 0.0010042190551757812
[rosout][INFO] 2023-05-16 14:44:10,333: frustrum_generation 0.00025653839111328125
[rosout][INFO] 2023-05-16 14:44:10,340: remove_points_inside_frustum 0.005392313003540039
[rosout][INFO] 2023-05-16 14:44:10,415: point_cloud_publish 0.08717083930969238
[rosout][INFO] 2023-05-16 14:44:10,416: update_callback 0.09783458709716797
[rosout][INFO] 2023-05-16 14:44:10,419: closest_point 0.0013189315795898438
[rosout][INFO] 2023-05-16 14:44:10,421: point_cloud_transform_o3d 0.0008893013000488281
[rosout][INFO] 2023-05-16 14:44:10,423: frustrum_generation 0.00028824806213378906
[rosout][INFO] 2023-05-16 14:44:10,427: remove_points_inside_frustum 0.003169536590576172
[rosout][INFO] 2023-05-16 14:44:10,498: point_cloud_publish 0.07789778709411621
[rosout][INFO] 2023-05-16 14:44:10,499: update_callback 0.08111023902893066
[rosout][INFO] 2023-05-16 14:44:10,519: closest_point 0.0013055801391601562
[rosout][INFO] 2023-05-16 14:44:10,521: point_cloud_transform_o3d 0.0008835792541503906
[rosout][INFO] 2023-05-16 14:44:10,523: frustrum_generation 0.00023293495178222656
[rosout][INFO] 2023-05-16 14:44:10,527: remove_points_inside_frustum 0.0026175975799560547
[rosout][INFO] 2023-05-16 14:44:10,598: point_cloud_publish 0.07814764976501465
[rosout][INFO] 2023-05-16 14:44:10,599: update_callback 0.08159661293029785
[rosout][INFO] 2023-05-16 14:44:10,619: closest_point 0.0012660026550292969
[rosout][INFO] 2023-05-16 14:44:10,621: point_cloud_transform_o3d 0.0008664131164550781
[rosout][INFO] 2023-05-16 14:44:10,623: frustrum_generation 0.0002646446228027344
[rosout][INFO] 2023-05-16 14:44:10,627: remove_points_inside_frustum 0.002944469451904297
[rosout][INFO] 2023-05-16 14:44:10,699: point_cloud_publish 0.07896208763122559
[rosout][INFO] 2023-05-16 14:44:10,700: update_callback 0.08199262619018555
[rosout][INFO] 2023-05-16 14:44:10,719: closest_point 0.0012614727020263672
[rosout][INFO] 2023-05-16 14:44:10,721: point_cloud_transform_o3d 0.0008714199066162109
[rosout][INFO] 2023-05-16 14:44:10,723: frustrum_generation 0.0002384185791015625
[rosout][INFO] 2023-05-16 14:44:10,726: remove_points_inside_frustum 0.0025899410247802734
[rosout][INFO] 2023-05-16 14:44:10,795: point_cloud_publish 0.07529568672180176
[rosout][INFO] 2023-05-16 14:44:10,797: update_callback 0.07892131805419922
[rosout][INFO] 2023-05-16 14:44:10,819: closest_point 0.0014848709106445312
[rosout][INFO] 2023-05-16 14:44:10,821: point_cloud_transform_o3d 0.0008673667907714844
[rosout][INFO] 2023-05-16 14:44:10,825: frustrum_generation 0.00024056434631347656
[rosout][INFO] 2023-05-16 14:44:10,830: remove_points_inside_frustum 0.004132747650146484
[rosout][INFO] 2023-05-16 14:44:10,902: point_cloud_publish 0.08202528953552246
[rosout][INFO] 2023-05-16 14:44:10,903: update_callback 0.08539032936096191
[rosout][INFO] 2023-05-16 14:44:10,919: closest_point 0.0012938976287841797
[rosout][INFO] 2023-05-16 14:44:10,921: point_cloud_transform_o3d 0.0008656978607177734
[rosout][INFO] 2023-05-16 14:44:10,923: frustrum_generation 0.0002677440643310547
[rosout][INFO] 2023-05-16 14:44:10,927: remove_points_inside_frustum 0.0031981468200683594
[rosout][INFO] 2023-05-16 14:44:10,997: point_cloud_publish 0.07752728462219238
[rosout][INFO] 2023-05-16 14:44:10,999: update_callback 0.08130216598510742
[rosout][INFO] 2023-05-16 14:44:11,019: closest_point 0.0014369487762451172
[rosout][INFO] 2023-05-16 14:44:11,021: point_cloud_transform_o3d 0.0008761882781982422
[rosout][INFO] 2023-05-16 14:44:11,025: frustrum_generation 0.0002741813659667969
[rosout][INFO] 2023-05-16 14:44:11,029: remove_points_inside_frustum 0.0032758712768554688
[rosout][INFO] 2023-05-16 14:44:11,101: point_cloud_publish 0.08104062080383301
[rosout][INFO] 2023-05-16 14:44:11,102: update_callback 0.08452582359313965
[rosout][INFO] 2023-05-16 14:44:11,119: closest_point 0.0012569427490234375
[rosout][INFO] 2023-05-16 14:44:11,121: point_cloud_transform_o3d 0.0008819103240966797
[rosout][INFO] 2023-05-16 14:44:11,123: frustrum_generation 0.0002346038818359375
[rosout][INFO] 2023-05-16 14:44:11,127: remove_points_inside_frustum 0.0030002593994140625
[rosout][INFO] 2023-05-16 14:44:11,196: point_cloud_publish 0.0763556957244873
[rosout][INFO] 2023-05-16 14:44:11,197: update_callback 0.07967233657836914
[rosout][INFO] 2023-05-16 14:44:11,219: closest_point 0.0012688636779785156
[rosout][INFO] 2023-05-16 14:44:11,221: point_cloud_transform_o3d 0.0008749961853027344
[rosout][INFO] 2023-05-16 14:44:11,223: frustrum_generation 0.0002484321594238281
[rosout][INFO] 2023-05-16 14:44:11,226: remove_points_inside_frustum 0.002714395523071289
[rosout][INFO] 2023-05-16 14:44:11,295: point_cloud_publish 0.07554745674133301
[rosout][INFO] 2023-05-16 14:44:11,296: update_callback 0.07854270935058594
[rosout][INFO] 2023-05-16 14:44:11,319: closest_point 0.0014872550964355469
[rosout][INFO] 2023-05-16 14:44:11,321: point_cloud_transform_o3d 0.000850677490234375
[rosout][INFO] 2023-05-16 14:44:11,323: frustrum_generation 0.00025391578674316406
[rosout][INFO] 2023-05-16 14:44:11,327: remove_points_inside_frustum 0.0031976699829101562
[rosout][INFO] 2023-05-16 14:44:11,398: point_cloud_publish 0.07799959182739258
[rosout][INFO] 2023-05-16 14:44:11,399: update_callback 0.08141684532165527
[rosout][INFO] 2023-05-16 14:44:11,420: closest_point 0.0017693042755126953
[rosout][INFO] 2023-05-16 14:44:11,421: point_cloud_transform_o3d 0.0008962154388427734
[rosout][INFO] 2023-05-16 14:44:11,424: frustrum_generation 0.00028634071350097656
[rosout][INFO] 2023-05-16 14:44:11,427: remove_points_inside_frustum 0.0025784969329833984
[rosout][INFO] 2023-05-16 14:44:11,500: point_cloud_publish 0.07912921905517578
[rosout][INFO] 2023-05-16 14:44:11,500: update_callback 0.08276629447937012
[rosout][INFO] 2023-05-16 14:44:11,519: closest_point 0.001264333724975586
[rosout][INFO] 2023-05-16 14:44:11,521: point_cloud_transform_o3d 0.0008749961853027344
[rosout][INFO] 2023-05-16 14:44:11,523: frustrum_generation 0.00024175643920898438
[rosout][INFO] 2023-05-16 14:44:11,526: remove_points_inside_frustum 0.002610921859741211
[rosout][INFO] 2023-05-16 14:44:11,597: point_cloud_publish 0.07669758796691895
[rosout][INFO] 2023-05-16 14:44:11,598: update_callback 0.0802755355834961
[rosout][INFO] 2023-05-16 14:44:11,619: closest_point 0.0012788772583007812
[rosout][INFO] 2023-05-16 14:44:11,621: point_cloud_transform_o3d 0.0008690357208251953
[rosout][INFO] 2023-05-16 14:44:11,623: frustrum_generation 0.00025725364685058594
[rosout][INFO] 2023-05-16 14:44:11,626: remove_points_inside_frustum 0.0025687217712402344
[rosout][INFO] 2023-05-16 14:44:11,699: point_cloud_publish 0.0787498950958252
[rosout][INFO] 2023-05-16 14:44:11,699: update_callback 0.08185505867004395
[rosout][INFO] 2023-05-16 14:44:11,719: closest_point 0.0014927387237548828
[rosout][INFO] 2023-05-16 14:44:11,721: point_cloud_transform_o3d 0.0008683204650878906
[rosout][INFO] 2023-05-16 14:44:11,723: frustrum_generation 0.0002269744873046875
[rosout][INFO] 2023-05-16 14:44:11,728: remove_points_inside_frustum 0.003702402114868164
[rosout][INFO] 2023-05-16 14:44:11,798: point_cloud_publish 0.0775914192199707
[rosout][INFO] 2023-05-16 14:44:11,799: update_callback 0.08078956604003906
[rosout][INFO] 2023-05-16 14:44:11,819: closest_point 0.0015256404876708984
[rosout][INFO] 2023-05-16 14:44:11,821: point_cloud_transform_o3d 0.0008707046508789062
[rosout][INFO] 2023-05-16 14:44:11,824: frustrum_generation 0.0002548694610595703
[rosout][INFO] 2023-05-16 14:44:11,827: remove_points_inside_frustum 0.0028176307678222656
[rosout][INFO] 2023-05-16 14:44:11,896: point_cloud_publish 0.07612180709838867
[rosout][INFO] 2023-05-16 14:44:11,898: update_callback 0.07991576194763184
[rosout][INFO] 2023-05-16 14:44:11,919: closest_point 0.0017833709716796875
[rosout][INFO] 2023-05-16 14:44:11,922: point_cloud_transform_o3d 0.0010268688201904297
[rosout][INFO] 2023-05-16 14:44:11,924: frustrum_generation 0.00025200843811035156
[rosout][INFO] 2023-05-16 14:44:11,927: remove_points_inside_frustum 0.0025153160095214844
[rosout][INFO] 2023-05-16 14:44:11,995: point_cloud_publish 0.0748758316040039
[rosout][INFO] 2023-05-16 14:44:11,996: update_callback 0.07872891426086426
[rosout][INFO] 2023-05-16 14:44:12,019: closest_point 0.0012748241424560547
[rosout][INFO] 2023-05-16 14:44:12,021: point_cloud_transform_o3d 0.0008418560028076172
[rosout][INFO] 2023-05-16 14:44:12,023: frustrum_generation 0.0002734661102294922
[rosout][INFO] 2023-05-16 14:44:12,026: remove_points_inside_frustum 0.0025238990783691406
[rosout][INFO] 2023-05-16 14:44:12,094: point_cloud_publish 0.0742347240447998
[rosout][INFO] 2023-05-16 14:44:12,095: update_callback 0.07738685607910156
[rosout][INFO] 2023-05-16 14:44:12,119: closest_point 0.0012755393981933594
[rosout][INFO] 2023-05-16 14:44:12,121: point_cloud_transform_o3d 0.0008463859558105469
[rosout][INFO] 2023-05-16 14:44:12,123: frustrum_generation 0.0002605915069580078
[rosout][INFO] 2023-05-16 14:44:12,126: remove_points_inside_frustum 0.0026481151580810547
[rosout][INFO] 2023-05-16 14:44:12,195: point_cloud_publish 0.07508254051208496
[rosout][INFO] 2023-05-16 14:44:12,196: update_callback 0.07829928398132324
[rosout][INFO] 2023-05-16 14:44:12,219: closest_point 0.0012669563293457031
[rosout][INFO] 2023-05-16 14:44:12,221: point_cloud_transform_o3d 0.0008070468902587891
[rosout][INFO] 2023-05-16 14:44:12,223: frustrum_generation 0.00023818016052246094
[rosout][INFO] 2023-05-16 14:44:12,228: remove_points_inside_frustum 0.003509044647216797
[rosout][INFO] 2023-05-16 14:44:12,297: point_cloud_publish 0.07668161392211914
[rosout][INFO] 2023-05-16 14:44:12,298: update_callback 0.08018970489501953
[rosout][INFO] 2023-05-16 14:44:12,319: closest_point 0.001363515853881836
[rosout][INFO] 2023-05-16 14:44:12,321: point_cloud_transform_o3d 0.0010058879852294922
[rosout][INFO] 2023-05-16 14:44:12,323: frustrum_generation 0.0002422332763671875
[rosout][INFO] 2023-05-16 14:44:12,327: remove_points_inside_frustum 0.0030183792114257812
[rosout][INFO] 2023-05-16 14:44:12,397: point_cloud_publish 0.07735538482666016
[rosout][INFO] 2023-05-16 14:44:12,398: update_callback 0.08061456680297852
[rosout][INFO] 2023-05-16 14:44:12,419: closest_point 0.0012729167938232422
[rosout][INFO] 2023-05-16 14:44:12,421: point_cloud_transform_o3d 0.0008387565612792969
[rosout][INFO] 2023-05-16 14:44:12,423: frustrum_generation 0.0002884864807128906
[rosout][INFO] 2023-05-16 14:44:12,426: remove_points_inside_frustum 0.0025107860565185547
[rosout][INFO] 2023-05-16 14:44:12,494: point_cloud_publish 0.07443022727966309
[rosout][INFO] 2023-05-16 14:44:12,495: update_callback 0.07756471633911133
[rosout][INFO] 2023-05-16 14:44:12,519: closest_point 0.001256704330444336
[rosout][INFO] 2023-05-16 14:44:12,521: point_cloud_transform_o3d 0.0008413791656494141
[rosout][INFO] 2023-05-16 14:44:12,523: frustrum_generation 0.00023865699768066406
[rosout][INFO] 2023-05-16 14:44:12,526: remove_points_inside_frustum 0.002651214599609375
[rosout][INFO] 2023-05-16 14:44:12,597: point_cloud_publish 0.07696223258972168
[rosout][INFO] 2023-05-16 14:44:12,598: update_callback 0.0800321102142334
[rosout][INFO] 2023-05-16 14:44:12,619: closest_point 0.0014531612396240234
[rosout][INFO] 2023-05-16 14:44:12,621: point_cloud_transform_o3d 0.0008921623229980469
[rosout][INFO] 2023-05-16 14:44:12,624: frustrum_generation 0.0002574920654296875
[rosout][INFO] 2023-05-16 14:44:12,630: remove_points_inside_frustum 0.004667758941650391
[rosout][INFO] 2023-05-16 14:44:12,700: point_cloud_publish 0.08016848564147949
[rosout][INFO] 2023-05-16 14:44:12,702: update_callback 0.08384585380554199
[rosout][INFO] 2023-05-16 14:44:12,719: closest_point 0.001567840576171875
[rosout][INFO] 2023-05-16 14:44:12,721: point_cloud_transform_o3d 0.0008542537689208984
[rosout][INFO] 2023-05-16 14:44:12,724: frustrum_generation 0.0002694129943847656
[rosout][INFO] 2023-05-16 14:44:12,728: remove_points_inside_frustum 0.0028781890869140625
[rosout][INFO] 2023-05-16 14:44:12,797: point_cloud_publish 0.07716846466064453
[rosout][INFO] 2023-05-16 14:44:12,798: update_callback 0.08051180839538574
[rosout][INFO] 2023-05-16 14:44:12,819: closest_point 0.001264810562133789
[rosout][INFO] 2023-05-16 14:44:12,821: point_cloud_transform_o3d 0.0008406639099121094
[rosout][INFO] 2023-05-16 14:44:12,823: frustrum_generation 0.00026345252990722656
[rosout][INFO] 2023-05-16 14:44:12,826: remove_points_inside_frustum 0.002602815628051758
[rosout][INFO] 2023-05-16 14:44:12,899: point_cloud_publish 0.07883572578430176
[rosout][INFO] 2023-05-16 14:44:12,900: update_callback 0.08187627792358398
[rosout][INFO] 2023-05-16 14:44:12,919: closest_point 0.001291513442993164
[rosout][INFO] 2023-05-16 14:44:12,921: point_cloud_transform_o3d 0.0008604526519775391
[rosout][INFO] 2023-05-16 14:44:12,923: frustrum_generation 0.00027370452880859375
[rosout][INFO] 2023-05-16 14:44:12,927: remove_points_inside_frustum 0.0033681392669677734
[rosout][INFO] 2023-05-16 14:44:12,998: point_cloud_publish 0.07815217971801758
[rosout][INFO] 2023-05-16 14:44:12,999: update_callback 0.08114433288574219
[rosout][INFO] 2023-05-16 14:44:13,019: closest_point 0.0012493133544921875
[rosout][INFO] 2023-05-16 14:44:13,020: point_cloud_transform_o3d 0.0008337497711181641
[rosout][INFO] 2023-05-16 14:44:13,023: frustrum_generation 0.00026106834411621094
[rosout][INFO] 2023-05-16 14:44:13,027: remove_points_inside_frustum 0.003377676010131836
[rosout][INFO] 2023-05-16 14:44:13,097: point_cloud_publish 0.07749009132385254
[rosout][INFO] 2023-05-16 14:44:13,098: update_callback 0.08050227165222168
[rosout][INFO] 2023-05-16 14:44:13,119: closest_point 0.0015413761138916016
[rosout][INFO] 2023-05-16 14:44:13,121: point_cloud_transform_o3d 0.0008563995361328125
[rosout][INFO] 2023-05-16 14:44:13,124: frustrum_generation 0.0004260540008544922
[rosout][INFO] 2023-05-16 14:44:13,129: remove_points_inside_frustum 0.0036962032318115234
[rosout][INFO] 2023-05-16 14:44:13,200: point_cloud_publish 0.0793311595916748
[rosout][INFO] 2023-05-16 14:44:13,201: update_callback 0.08281111717224121
[rosout][INFO] 2023-05-16 14:44:13,219: closest_point 0.0014235973358154297
[rosout][INFO] 2023-05-16 14:44:13,221: point_cloud_transform_o3d 0.0007042884826660156
[rosout][INFO] 2023-05-16 14:44:13,223: frustrum_generation 0.00024890899658203125
[rosout][INFO] 2023-05-16 14:44:13,227: remove_points_inside_frustum 0.0029458999633789062
[rosout][INFO] 2023-05-16 14:44:13,297: point_cloud_publish 0.07709908485412598
[rosout][INFO] 2023-05-16 14:44:13,298: update_callback 0.08049464225769043
[rosout][INFO] 2023-05-16 14:44:13,319: closest_point 0.0012712478637695312
[rosout][INFO] 2023-05-16 14:44:13,321: point_cloud_transform_o3d 0.0006935596466064453
[rosout][INFO] 2023-05-16 14:44:13,323: frustrum_generation 0.0002257823944091797
[rosout][INFO] 2023-05-16 14:44:13,326: remove_points_inside_frustum 0.0026743412017822266
[rosout][INFO] 2023-05-16 14:44:13,395: point_cloud_publish 0.07551956176757812
[rosout][INFO] 2023-05-16 14:44:13,396: update_callback 0.07875585556030273
[rosout][INFO] 2023-05-16 14:44:13,419: closest_point 0.0012805461883544922
[rosout][INFO] 2023-05-16 14:44:13,421: point_cloud_transform_o3d 0.0007042884826660156
[rosout][INFO] 2023-05-16 14:44:13,423: frustrum_generation 0.0002307891845703125
[rosout][INFO] 2023-05-16 14:44:13,427: remove_points_inside_frustum 0.0028333663940429688
[rosout][INFO] 2023-05-16 14:44:13,497: point_cloud_publish 0.07673048973083496
[rosout][INFO] 2023-05-16 14:44:13,498: update_callback 0.07988715171813965
[rosout][INFO] 2023-05-16 14:44:13,519: closest_point 0.0014836788177490234
[rosout][INFO] 2023-05-16 14:44:13,521: point_cloud_transform_o3d 0.0006964206695556641
[rosout][INFO] 2023-05-16 14:44:13,523: frustrum_generation 0.00023818016052246094
[rosout][INFO] 2023-05-16 14:44:13,527: remove_points_inside_frustum 0.0031599998474121094
[rosout][INFO] 2023-05-16 14:44:13,599: point_cloud_publish 0.07864642143249512
[rosout][INFO] 2023-05-16 14:44:13,600: update_callback 0.08220386505126953
[rospy.core][INFO] 2023-05-16 14:44:13,603: signal_shutdown [signal-15]
[rospy.internal][INFO] 2023-05-16 14:44:13,604: topic[/rosout] removing connection to /rosout
[rospy.internal][INFO] 2023-05-16 14:44:13,604: topic[/points_raw] removing connection to http://itsu10:39623/
[rospy.internal][INFO] 2023-05-16 14:44:13,604: topic[/target_pose] removing connection to http://itsu10:43525/
[rospy.impl.masterslave][INFO] 2023-05-16 14:44:13,604: signal-15
[rospy.core][INFO] 2023-05-16 14:44:14,204: signal_shutdown [atexit]
