Determining if the pthread_create exist failed with the following output:
Change Dir: /home/santhanam.17/Carla_scripts/catkin_ws/build/CMakeFiles/CMakeTmp

Run Build Command:"/usr/bin/make" "cmTC_c188a/fast"
/usr/bin/make -f CMakeFiles/cmTC_c188a.dir/build.make CMakeFiles/cmTC_c188a.dir/build
make[1]: Entering directory '/home/santhanam.17/Carla_scripts/catkin_ws/build/CMakeFiles/CMakeTmp'
Building C object CMakeFiles/cmTC_c188a.dir/CheckSymbolExists.c.o
/usr/bin/cc    -o CMakeFiles/cmTC_c188a.dir/CheckSymbolExists.c.o   -c /home/santhanam.17/Carla_scripts/catkin_ws/build/CMakeFiles/CMakeTmp/CheckSymbolExists.c
Linking C executable cmTC_c188a
/usr/bin/cmake -E cmake_link_script CMakeFiles/cmTC_c188a.dir/link.txt --verbose=1
/usr/bin/cc      -rdynamic CMakeFiles/cmTC_c188a.dir/CheckSymbolExists.c.o  -o cmTC_c188a 
CMakeFiles/cmTC_c188a.dir/CheckSymbolExists.c.o: In function `main':
CheckSymbolExists.c:(.text+0x1b): undefined reference to `pthread_create'
collect2: error: ld returned 1 exit status
CMakeFiles/cmTC_c188a.dir/build.make:97: recipe for target 'cmTC_c188a' failed
make[1]: *** [cmTC_c188a] Error 1
make[1]: Leaving directory '/home/santhanam.17/Carla_scripts/catkin_ws/build/CMakeFiles/CMakeTmp'
Makefile:126: recipe for target 'cmTC_c188a/fast' failed
make: *** [cmTC_c188a/fast] Error 2

File /home/santhanam.17/Carla_scripts/catkin_ws/build/CMakeFiles/CMakeTmp/CheckSymbolExists.c:
/* */
#include <pthread.h>

int main(int argc, char** argv)
{
  (void)argv;
#ifndef pthread_create
  return ((int*)(&pthread_create))[argc];
#else
  (void)argc;
  return 0;
#endif
}

Determining if the function pthread_create exists in the pthreads failed with the following output:
Change Dir: /home/santhanam.17/Carla_scripts/catkin_ws/build/CMakeFiles/CMakeTmp

Run Build Command:"/usr/bin/make" "cmTC_a8bb6/fast"
/usr/bin/make -f CMakeFiles/cmTC_a8bb6.dir/build.make CMakeFiles/cmTC_a8bb6.dir/build
make[1]: Entering directory '/home/santhanam.17/Carla_scripts/catkin_ws/build/CMakeFiles/CMakeTmp'
Building C object CMakeFiles/cmTC_a8bb6.dir/CheckFunctionExists.c.o
/usr/bin/cc   -DCHECK_FUNCTION_EXISTS=pthread_create   -o CMakeFiles/cmTC_a8bb6.dir/CheckFunctionExists.c.o   -c /usr/share/cmake-3.10/Modules/CheckFunctionExists.c
Linking C executable cmTC_a8bb6
/usr/bin/cmake -E cmake_link_script CMakeFiles/cmTC_a8bb6.dir/link.txt --verbose=1
/usr/bin/cc  -DCHECK_FUNCTION_EXISTS=pthread_create    -rdynamic CMakeFiles/cmTC_a8bb6.dir/CheckFunctionExists.c.o  -o cmTC_a8bb6 -lpthreads 
/usr/bin/ld: cannot find -lpthreads
collect2: error: ld returned 1 exit status
CMakeFiles/cmTC_a8bb6.dir/build.make:97: recipe for target 'cmTC_a8bb6' failed
make[1]: *** [cmTC_a8bb6] Error 1
make[1]: Leaving directory '/home/santhanam.17/Carla_scripts/catkin_ws/build/CMakeFiles/CMakeTmp'
Makefile:126: recipe for target 'cmTC_a8bb6/fast' failed
make: *** [cmTC_a8bb6/fast] Error 2


